IQ-TREE multicore version 2.3.6 for Linux x86 64-bit built Aug  4 2024
Developed by Bui Quang Minh, Nguyen Lam Tung, Olga Chernomor, Heiko Schmidt,
Dominik Schrempf, Michael Woodhams, Ly Trong Nhan, Thomas Wong

Host:    b12-hm-01 (AVX2, FMA3, 4019 GB RAM)
Command: iqtree2 -s /lustre/scratch126/gengen/projects/alpha-allostery-global/git-phylo-dms/02.intermediates/03.foldmason_outs/01.all_structures/result.fasta_aa.fa -m JTT+R4 -asr -nt AUTO -pre /lustre/scratch126/gengen/projects/alpha-allostery-global/phylo-dms/02.iqtree_intermediates/03.out_asr/foldmason_src_homo_primate_asr/foldmason_src_homo_primate_asr
Seed:    703102 (Using SPRNG - Scalable Parallel Random Number Generator)
Time:    Tue Aug 27 14:27:19 2024
Kernel:  AVX+FMA - auto-detect threads (20 CPU cores detected)

Reading alignment file /lustre/scratch126/gengen/projects/alpha-allostery-global/git-phylo-dms/02.intermediates/03.foldmason_outs/01.all_structures/result.fasta_aa.fa ... Fasta format detected
Reading fasta file: done in 0.0041472 secs using 64.14% CPU
Alignment most likely contains protein sequences
Alignment has 99 sequences with 1478 columns, 941 distinct patterns
612 parsimony-informative, 233 singleton sites, 633 constant sites
                                                                     Gap/Ambiguity  Composition  p-value
Analyzing sequences: done in 0.00800161 secs using 1798% CPU
   1  60711_0_004e6c_unrelaxed_rank_001_alphafold2_ptm_model_2_seed_000     22.26%    failed      2.64%
   2  81572_0_0026c1_unrelaxed_rank_001_alphafold2_ptm_model_2_seed_000     22.26%    failed      2.43%
   3  61853_0_001a5c_unrelaxed_rank_001_alphafold2_ptm_model_2_seed_000     22.26%    failed      2.79%
   4  61853_0_0017ae_unrelaxed_rank_001_alphafold2_ptm_model_2_seed_000     23.55%    failed      4.32%
   5  81572_0_00269a_unrelaxed_rank_001_alphafold2_ptm_model_2_seed_000     23.55%    failed      3.40%
   6  54180_0_000693_unrelaxed_rank_001_alphafold2_ptm_model_2_seed_000     23.55%    failed      4.17%
   7  37293_0_00212e_unrelaxed_rank_001_alphafold2_ptm_model_2_seed_000     22.26%    failed      1.78%
   8  39432_0_003e4f_unrelaxed_rank_001_alphafold2_ptm_model_2_seed_000     22.26%    failed      2.08%
   9  9541_0_003ddf_unrelaxed_rank_001_alphafold2_ptm_model_2_seed_000      22.26%    failed      2.98%
  10  9606_0_0026b3_unrelaxed_rank_001_alphafold2_ptm_model_2_seed_000      22.26%    failed      2.57%
  11  54180_0_000686_unrelaxed_rank_001_alphafold2_ptm_model_2_seed_000     22.26%    failed      3.24%
  12  61621_0_00389e_unrelaxed_rank_001_alphafold2_ptm_model_2_seed_000     22.26%    failed      3.24%
  13  61622_0_0042ff_unrelaxed_rank_001_alphafold2_ptm_model_2_seed_000     22.26%    failed      3.24%
  14  336983_0_004b77_unrelaxed_rank_001_alphafold2_ptm_model_2_seed_000    22.26%    failed      3.43%
  15  9515_0_003b67_unrelaxed_rank_001_alphafold2_ptm_model_2_seed_000      22.26%    failed      1.54%
  16  9483_0_000596_unrelaxed_rank_001_alphafold2_ptm_model_2_seed_000      23.55%    failed      4.70%
  17  9515_0_003ba4_unrelaxed_rank_001_alphafold2_ptm_model_2_seed_000      23.55%    failed      2.09%
  18  591936_0_003475_unrelaxed_rank_001_alphafold2_ptm_model_3_seed_000    22.26%    failed      2.53%
  19  9531_0_00370d_unrelaxed_rank_001_alphafold2_ptm_model_3_seed_000      22.26%    failed      3.36%
  20  9483_0_000464_unrelaxed_rank_001_alphafold2_ptm_model_3_seed_000      22.26%    failed      3.57%
  21  60711_0_004e85_unrelaxed_rank_001_alphafold2_ptm_model_3_seed_000     23.55%    failed      3.65%
  22  9541_0_003d5f_unrelaxed_rank_001_alphafold2_ptm_model_3_seed_000      23.55%    failed      4.24%
  23  9606_0_00253e_unrelaxed_rank_001_alphafold2_ptm_model_3_seed_000      23.55%    failed      3.86%
  24  30611_0_002de8_unrelaxed_rank_001_alphafold2_ptm_model_2_seed_000     22.26%    failed      3.44%
  25  379532_0_000d8d_unrelaxed_rank_001_alphafold2_ptm_model_2_seed_000    22.46%    failed      1.46%
  26  9447_0_002d76_unrelaxed_rank_001_alphafold2_ptm_model_1_seed_000      22.46%    failed      2.09%
  27  37293_0_0039cd_unrelaxed_rank_001_alphafold2_ptm_model_2_seed_000     62.58%    passed     95.80%
  28  9531_0_0044e9_unrelaxed_rank_001_alphafold2_ptm_model_2_seed_000      57.17%    passed     83.54%
  29  1868482_0_004542_unrelaxed_rank_001_alphafold2_ptm_model_3_seed_000   63.33%    passed     98.19%
  30  9601_0_0049b8_unrelaxed_rank_001_alphafold2_ptm_model_3_seed_000      63.33%    passed     98.97%
  31  336983_0_0046da_unrelaxed_rank_001_alphafold2_ptm_model_4_seed_000    70.09%    passed     69.72%
  32  61622_0_005267_unrelaxed_rank_001_alphafold2_ptm_model_4_seed_000     71.65%    passed     84.10%
  33  9597_0_004d4d_unrelaxed_rank_001_alphafold2_ptm_model_3_seed_000      62.58%    passed     95.10%
  34  9598_0_004c81_unrelaxed_rank_001_alphafold2_ptm_model_3_seed_000      62.58%    passed     95.10%
  35  61853_0_002c59_unrelaxed_rank_001_alphafold2_ptm_model_3_seed_000     62.58%    passed     93.13%
  36  81572_0_004b19_unrelaxed_rank_001_alphafold2_ptm_model_3_seed_000     62.58%    passed     92.74%
  37  1737458_0_000660_unrelaxed_rank_001_alphafold2_ptm_model_3_seed_000   62.58%    passed     93.65%
  38  9515_0_001faf_unrelaxed_rank_001_alphafold2_ptm_model_3_seed_000      62.58%    passed     93.65%
  39  9483_0_001a5b_unrelaxed_rank_001_alphafold2_ptm_model_3_seed_000      62.58%    passed     95.81%
  40  9545_0_00205c_unrelaxed_rank_001_alphafold2_ptm_model_4_seed_000      62.58%    passed     94.37%
  41  9555_0_003abd_unrelaxed_rank_001_alphafold2_ptm_model_4_seed_000      62.58%    passed     94.37%
  42  9541_0_0029b4_unrelaxed_rank_001_alphafold2_ptm_model_4_seed_000      62.58%    passed     94.37%
  43  39432_0_003408_unrelaxed_rank_001_alphafold2_ptm_model_4_seed_000     62.58%    passed     94.37%
  44  60711_0_002f68_unrelaxed_rank_001_alphafold2_ptm_model_4_seed_000     62.58%    passed     94.37%
  45  61621_0_0046ad_unrelaxed_rank_001_alphafold2_ptm_model_4_seed_000     62.58%    passed     94.37%
  46  30608_0_003a9f_unrelaxed_rank_001_alphafold2_ptm_model_3_seed_000     62.65%    passed     93.50%
  47  9606_0_001389_unrelaxed_rank_001_alphafold2_ptm_model_4_seed_000      64.34%    failed      0.82%
  48  9606_0_004ddb_unrelaxed_rank_001_alphafold2_ptm_model_4_seed_000      54.33%    failed      0.01%
  49  9606_0_005053_unrelaxed_rank_001_alphafold2_ptm_model_5_seed_000      53.11%    failed      2.52%
  50  9606_0_0018b3_unrelaxed_rank_001_alphafold2_ptm_model_3_seed_000      63.67%    passed     43.42%
  51  9606_0_0041a7_unrelaxed_rank_001_alphafold2_ptm_model_3_seed_000      63.26%    passed     83.34%
  52  61622_0_0036d8_unrelaxed_rank_001_alphafold2_ptm_model_3_seed_000     63.73%    passed     98.42%
  53  9606_0_00493f_unrelaxed_rank_001_alphafold2_ptm_model_3_seed_000      63.73%    passed     98.84%
  54  9606_0_000615_unrelaxed_rank_001_alphafold2_ptm_model_3_seed_000      64.21%    passed     31.48%
  55  9565_0_0028fb_unrelaxed_rank_001_alphafold2_ptm_model_3_seed_000      63.73%    passed     98.42%
  56  9568_0_000f2c_unrelaxed_rank_001_alphafold2_ptm_model_3_seed_000      63.73%    passed     98.42%
  57  54180_0_003870_unrelaxed_rank_001_alphafold2_ptm_model_3_seed_000     63.73%    passed     98.42%
  58  9544_0_002a5b_unrelaxed_rank_001_alphafold2_ptm_model_3_seed_000      63.73%    passed     98.42%
  59  30611_0_00162f_unrelaxed_rank_001_alphafold2_ptm_model_3_seed_000     63.73%    passed     98.91%
  60  9447_0_003e11_unrelaxed_rank_001_alphafold2_ptm_model_3_seed_000      63.73%    passed     98.28%
  61  379532_0_003c22_unrelaxed_rank_001_alphafold2_ptm_model_3_seed_000    63.73%    passed     98.56%
  62  591936_0_004570_unrelaxed_rank_001_alphafold2_ptm_model_3_seed_000    63.73%    passed     98.27%
  63  9606_0_00225d_unrelaxed_rank_001_alphafold2_ptm_model_5_seed_000      65.36%    failed      1.74%
  64  9606_0_004857_unrelaxed_rank_001_alphafold2_ptm_model_5_seed_000      66.98%    failed      0.94%
  65  9606_0_000414_unrelaxed_rank_001_alphafold2_ptm_model_4_seed_000      65.56%    passed     20.47%
  66  9606_0_0048d0_unrelaxed_rank_001_alphafold2_ptm_model_5_seed_000      64.41%    passed     64.40%
  67  9606_0_0021ca_unrelaxed_rank_001_alphafold2_ptm_model_3_seed_000      65.83%    passed     59.02%
  68  9606_0_0018dd_unrelaxed_rank_001_alphafold2_ptm_model_4_seed_000      65.83%    passed      5.62%
  69  30611_0_002cf7_unrelaxed_rank_001_alphafold2_ptm_model_5_seed_000     57.71%    failed      3.19%
  70  9545_0_000f9d_unrelaxed_rank_001_alphafold2_ptm_model_5_seed_000      53.72%    passed      5.04%
  71  54180_0_000e85_unrelaxed_rank_001_alphafold2_ptm_model_4_seed_000     55.75%    failed      4.79%
  72  61622_0_0006ef_unrelaxed_rank_001_alphafold2_ptm_model_4_seed_000     55.75%    failed      4.34%
  73  591936_0_000e66_unrelaxed_rank_001_alphafold2_ptm_model_4_seed_000    57.37%    failed      4.64%
  74  336983_0_004427_unrelaxed_rank_001_alphafold2_ptm_model_4_seed_000    57.37%    failed      4.09%
  75  9565_0_00159b_unrelaxed_rank_001_alphafold2_ptm_model_4_seed_000      57.37%    failed      3.78%
  76  9541_0_001953_unrelaxed_rank_001_alphafold2_ptm_model_4_seed_000      57.37%    failed      3.78%
  77  9544_0_001663_unrelaxed_rank_001_alphafold2_ptm_model_4_seed_000      57.37%    failed      3.78%
  78  9568_0_000b97_unrelaxed_rank_001_alphafold2_ptm_model_4_seed_000      57.37%    failed      4.64%
  79  60711_0_0026e9_unrelaxed_rank_001_alphafold2_ptm_model_4_seed_000     57.37%    passed      5.25%
  80  9531_0_001e61_unrelaxed_rank_001_alphafold2_ptm_model_4_seed_000      56.56%    passed     16.74%
  81  61621_0_00495b_unrelaxed_rank_001_alphafold2_ptm_model_4_seed_000     55.89%    failed      4.17%
  82  9555_0_000f27_unrelaxed_rank_001_alphafold2_ptm_model_4_seed_000      69.89%    passed      9.04%
  83  30608_0_004b67_unrelaxed_rank_001_alphafold2_ptm_model_2_seed_000     71.11%    failed      1.06%
  84  9598_0_00139d_unrelaxed_rank_001_alphafold2_ptm_model_1_seed_000      57.31%    passed      5.14%
  85  61853_0_003ed3_unrelaxed_rank_001_alphafold2_ptm_model_4_seed_000     57.31%    failed      4.46%
  86  9606_0_0012a1_unrelaxed_rank_001_alphafold2_ptm_model_4_seed_000      57.31%    failed      3.97%
  87  9595_0_00132f_unrelaxed_rank_001_alphafold2_ptm_model_4_seed_000      57.31%    failed      4.78%
  88  9597_0_00156c_unrelaxed_rank_001_alphafold2_ptm_model_4_seed_000      57.31%    passed      5.19%
  89  37293_0_000c18_unrelaxed_rank_001_alphafold2_ptm_model_4_seed_000     55.35%    passed      6.82%
  90  81572_0_004020_unrelaxed_rank_001_alphafold2_ptm_model_4_seed_000     57.31%    failed      4.44%
  91  1737458_0_002095_unrelaxed_rank_001_alphafold2_ptm_model_4_seed_000   57.31%    passed      8.38%
  92  9601_0_001360_unrelaxed_rank_001_alphafold2_ptm_model_4_seed_000      57.31%    failed      3.58%
  93  9483_0_000db6_unrelaxed_rank_001_alphafold2_ptm_model_4_seed_000      57.31%    passed      7.94%
  94  9515_0_0007c5_unrelaxed_rank_001_alphafold2_ptm_model_4_seed_000      57.31%    passed      7.31%
  95  39432_0_000cc9_unrelaxed_rank_001_alphafold2_ptm_model_4_seed_000     57.31%    passed      6.10%
  96  379532_0_000df2_unrelaxed_rank_001_alphafold2_ptm_model_4_seed_000    57.31%    passed      6.16%
  97  9447_0_004290_unrelaxed_rank_001_alphafold2_ptm_model_4_seed_000      57.31%    failed      3.35%
  98  1868482_0_002e9c_unrelaxed_rank_001_alphafold2_ptm_model_4_seed_000   57.31%    passed     15.68%
  99  9606_0_001503_unrelaxed_rank_001_alphafold2_ptm_model_4_seed_000      58.05%    passed     12.18%
WARNING: 73 sequences contain more than 50% gaps/ambiguity
****  TOTAL                                                                 50.93%  48 sequences failed composition chi2 test (p-value<5%; df=19)

Create initial parsimony tree by phylogenetic likelihood library (PLL)... 0.031 seconds

NOTE: 58 MB RAM (0 GB) is required!
Measuring multi-threading efficiency up to 20 CPU cores
Increase to 10 rounds for branch lengths
10 trees examined
Threads: 1 / Time: 21.624 sec / Speedup: 1.000 / Efficiency: 100% / LogL: -66333
Threads: 2 / Time: 11.156 sec / Speedup: 1.938 / Efficiency: 97% / LogL: -66333
Threads: 3 / Time: 11.368 sec / Speedup: 1.902 / Efficiency: 63% / LogL: -66333
Threads: 4 / Time: 8.247 sec / Speedup: 2.622 / Efficiency: 66% / LogL: -66333
Threads: 5 / Time: 7.313 sec / Speedup: 2.957 / Efficiency: 59% / LogL: -66333
Threads: 6 / Time: 6.310 sec / Speedup: 3.427 / Efficiency: 57% / LogL: -66333
Threads: 7 / Time: 5.513 sec / Speedup: 3.922 / Efficiency: 56% / LogL: -66333
Threads: 8 / Time: 5.147 sec / Speedup: 4.201 / Efficiency: 53% / LogL: -66333
Threads: 9 / Time: 4.766 sec / Speedup: 4.537 / Efficiency: 50% / LogL: -66333
Threads: 10 / Time: 4.395 sec / Speedup: 4.920 / Efficiency: 49% / LogL: -66333
BEST NUMBER OF THREADS: 9

Estimate model parameters (epsilon = 0.100)
1. Initial log-likelihood: -22760.499
2. Current log-likelihood: -21369.060
3. Current log-likelihood: -21348.451
4. Current log-likelihood: -21344.613
5. Current log-likelihood: -21342.243
6. Current log-likelihood: -21340.297
7. Current log-likelihood: -21338.490
8. Current log-likelihood: -21336.748
9. Current log-likelihood: -21335.248
10. Current log-likelihood: -21334.328
11. Current log-likelihood: -21333.476
12. Current log-likelihood: -21332.628
13. Current log-likelihood: -21331.771
14. Current log-likelihood: -21330.902
15. Current log-likelihood: -21330.041
16. Current log-likelihood: -21329.225
17. Current log-likelihood: -21328.507
18. Current log-likelihood: -21327.932
19. Current log-likelihood: -21327.510
20. Current log-likelihood: -21327.226
21. Current log-likelihood: -21327.048
22. Current log-likelihood: -21326.939
Optimal log-likelihood: -21326.856
Site proportion and rates:  (0.298,0.100) (0.444,0.492) (0.167,1.459) (0.090,5.617)
Parameters optimization took 22 rounds (8.272 sec)
Wrote distance file to... 
Computing ML distances based on estimated model parameters...
Calculating distance matrix: done in 0.172639 secs using 899.6% CPU
Computing ML distances took 0.172905 sec (of wall-clock time) 1.553420 sec (of CPU time)
Setting up auxiliary I and S matrices: done in 0.0006845 secs
Computing RapidNJ tree took 0.064754 sec (of wall-clock time) 0.166281 sec (of CPU time)
Log-likelihood of RapidNJ tree: -21598.770
--------------------------------------------------------------------
|             INITIALIZING CANDIDATE TREE SET                      |
--------------------------------------------------------------------
Generating 98 parsimony trees... 2.661 second
Computing log-likelihood of 98 initial trees ... 5.242 seconds
Current best score: -21326.856

Do NNI search on 20 best initial trees
Estimate model parameters (epsilon = 0.100)
BETTER TREE FOUND at iteration 1: -21293.777
Estimate model parameters (epsilon = 0.100)
BETTER TREE FOUND at iteration 3: -21237.002
Estimate model parameters (epsilon = 0.100)
BETTER TREE FOUND at iteration 6: -21236.808
Iteration 10 / LogL: -21238.101 / Time: 0h:2m:7s
Iteration 20 / LogL: -21253.231 / Time: 0h:2m:33s
Finish initializing candidate tree set (20)
Current best tree score: -21236.808 / CPU time: 58.191
Number of iterations: 20
--------------------------------------------------------------------
|               OPTIMIZING CANDIDATE TREE SET                      |
--------------------------------------------------------------------
Estimate model parameters (epsilon = 0.100)
BETTER TREE FOUND at iteration 21: -21235.179
Iteration 30 / LogL: -21236.534 / Time: 0h:2m:53s (0h:9m:4s left)
Iteration 40 / LogL: -21235.707 / Time: 0h:3m:11s (0h:6m:38s left)
Estimate model parameters (epsilon = 0.100)
BETTER TREE FOUND at iteration 50: -21235.123
Iteration 50 / LogL: -21235.123 / Time: 0h:3m:31s (0h:7m:11s left)
Estimate model parameters (epsilon = 0.100)
BETTER TREE FOUND at iteration 59: -21235.096
Iteration 60 / LogL: -21237.316 / Time: 0h:3m:49s (0h:6m:25s left)
Estimate model parameters (epsilon = 0.100)
BETTER TREE FOUND at iteration 63: -21235.000
Iteration 70 / LogL: -21235.151 / Time: 0h:4m:7s (0h:5m:33s left)
Iteration 80 / LogL: -21251.827 / Time: 0h:4m:23s (0h:4m:36s left)
Iteration 90 / LogL: -21235.236 / Time: 0h:4m:42s (0h:3m:51s left)
Iteration 100 / LogL: -21333.548 / Time: 0h:4m:59s (0h:3m:10s left)
Iteration 110 / LogL: -21247.944 / Time: 0h:5m:16s (0h:2m:34s left)
Iteration 120 / LogL: -21235.092 / Time: 0h:5m:33s (0h:2m:0s left)
Iteration 130 / LogL: -21235.211 / Time: 0h:5m:51s (0h:1m:30s left)
Iteration 140 / LogL: -21235.006 / Time: 0h:6m:9s (0h:1m:1s left)
Estimate model parameters (epsilon = 0.100)
BETTER TREE FOUND at iteration 149: -21234.705
Iteration 150 / LogL: -21234.980 / Time: 0h:6m:29s (0h:4m:18s left)
Iteration 160 / LogL: -21234.942 / Time: 0h:6m:48s (0h:3m:48s left)
Iteration 170 / LogL: -21256.208 / Time: 0h:7m:8s (0h:3m:20s left)
Iteration 180 / LogL: -21235.133 / Time: 0h:7m:28s (0h:2m:52s left)
Iteration 190 / LogL: -21234.976 / Time: 0h:7m:47s (0h:2m:25s left)
Iteration 200 / LogL: -21236.147 / Time: 0h:8m:4s (0h:1m:59s left)
Iteration 210 / LogL: -21234.918 / Time: 0h:8m:24s (0h:1m:34s left)
Iteration 220 / LogL: -21235.120 / Time: 0h:8m:41s (0h:1m:9s left)
Iteration 230 / LogL: -21234.714 / Time: 0h:9m:0s (0h:0m:44s left)
Iteration 240 / LogL: -21235.110 / Time: 0h:9m:18s (0h:0m:21s left)
Iteration 250 / LogL: -21249.099 / Time: 0h:9m:35s (0h:0m:-3s left)
TREE SEARCH COMPLETED AFTER 250 ITERATIONS / Time: 0h:9m:35s

--------------------------------------------------------------------
|                    FINALIZING TREE SEARCH                        |
--------------------------------------------------------------------
Performs final model parameters optimization
Estimate model parameters (epsilon = 0.010)
1. Initial log-likelihood: -21234.705
Optimal log-likelihood: -21234.701
Site proportion and rates:  (0.310,0.097) (0.431,0.452) (0.171,1.334) (0.088,6.250)
Parameters optimization took 1 rounds (0.289 sec)
BEST SCORE FOUND : -21234.701
Ancestral state probabilities printed to /lustre/scratch126/gengen/projects/alpha-allostery-global/phylo-dms/02.iqtree_intermediates/03.out_asr/foldmason_src_homo_primate_asr/foldmason_src_homo_primate_asr.state
Total tree length: 24.053

Total number of iterations: 250
CPU time used for tree search: 4302.117 sec (1h:11m:42s)
Wall-clock time used for tree search: 480.849 sec (0h:8m:0s)
Total CPU time used: 4742.810 sec (1h:19m:2s)
Total wall-clock time used: 577.153 sec (0h:9m:37s)

Analysis results written to: 
  IQ-TREE report:                /lustre/scratch126/gengen/projects/alpha-allostery-global/phylo-dms/02.iqtree_intermediates/03.out_asr/foldmason_src_homo_primate_asr/foldmason_src_homo_primate_asr.iqtree
  Maximum-likelihood tree:       /lustre/scratch126/gengen/projects/alpha-allostery-global/phylo-dms/02.iqtree_intermediates/03.out_asr/foldmason_src_homo_primate_asr/foldmason_src_homo_primate_asr.treefile
  Likelihood distances:          /lustre/scratch126/gengen/projects/alpha-allostery-global/phylo-dms/02.iqtree_intermediates/03.out_asr/foldmason_src_homo_primate_asr/foldmason_src_homo_primate_asr.mldist
  Ancestral state:               /lustre/scratch126/gengen/projects/alpha-allostery-global/phylo-dms/02.iqtree_intermediates/03.out_asr/foldmason_src_homo_primate_asr/foldmason_src_homo_primate_asr.state
  Screen log file:               /lustre/scratch126/gengen/projects/alpha-allostery-global/phylo-dms/02.iqtree_intermediates/03.out_asr/foldmason_src_homo_primate_asr/foldmason_src_homo_primate_asr.log

Date and Time: Tue Aug 27 14:36:56 2024
