
Non-microbial dataset detected. Gene/species tree reconciliation will be performed
----------------------------------------------------------------------
Checking raxml-ng
----------------------------------------------------------------------

    installed:       Y
    binary_path:     /software/hgi/envs/conda/team354/xl7/topiary/bin/raxml-ng
    binary runs:     Y
    version:         1.2.2
    minimum version: 1.1
    passes:          Y

----------------------------------------------------------------------
Checking generax
----------------------------------------------------------------------

    installed:       Y
    binary_path:     /software/hgi/envs/conda/team354/xl7/topiary/bin/generax
    binary runs:     Y
    version:         2.1.3
    minimum version: 2.0
    passes:          Y

----------------------------------------------------------------------
Checking mpirun
----------------------------------------------------------------------

    installed:       Y
    binary_path:     /software/hgi/envs/conda/team354/xl7/topiary/bin/mpirun
    binary runs:     Y
    version:         4.1.6
    minimum version: 0.0
    passes:          Y


------------------------------------------------------------
Sender: LSF System <lsfadmin@node-12-2-3>
Subject: Job 938133: <#!/bin/bash;#BSUB -G team354;#BSUB -n 10  # Requesting 28 threads (cores);#BSUB -M 300000  # Memory requirement (adjust as needed);#BSUB -R "select[mem>300000] rusage[mem=300000]" ;#BSUB -o /lustre/scratch126/gengen/projects/alpha-allostery-global/git-phylo-dms/00.inputs/02.src_topiary/ali2anc_src_basement_090324_%J.out;#BSUB -e /lustre/scratch126/gengen/projects/alpha-allostery-global/git-phylo-dms/00.inputs/02.src_topiary/ali2anc_src_basement_090324_%J.err;#BSUB -q basement;  conda activate  /software/hgi/envs/conda/team354/xl7/topiary; cd /lustre/scratch126/gengen/projects/alpha-allostery-global/git-phylo-dms/00.inputs/02.src_topiary; topiary-alignment-to-ancestors /lustre/scratch126/gengen/projects/alpha-allostery-global/git-phylo-dms/00.inputs/02.src_topiary/seed_to_ali/final_dataframe.csv --out_dir /lustre/scratch126/gengen/projects/alpha-allostery-global/git-phylo-dms/00.inputs/02.src_topiary/ali_to_anc_basement --num_threads 10> in cluster <farm22> Exited

Job <#!/bin/bash;#BSUB -G team354;#BSUB -n 10  # Requesting 28 threads (cores);#BSUB -M 300000  # Memory requirement (adjust as needed);#BSUB -R "select[mem>300000] rusage[mem=300000]" ;#BSUB -o /lustre/scratch126/gengen/projects/alpha-allostery-global/git-phylo-dms/00.inputs/02.src_topiary/ali2anc_src_basement_090324_%J.out;#BSUB -e /lustre/scratch126/gengen/projects/alpha-allostery-global/git-phylo-dms/00.inputs/02.src_topiary/ali2anc_src_basement_090324_%J.err;#BSUB -q basement;  conda activate  /software/hgi/envs/conda/team354/xl7/topiary; cd /lustre/scratch126/gengen/projects/alpha-allostery-global/git-phylo-dms/00.inputs/02.src_topiary; topiary-alignment-to-ancestors /lustre/scratch126/gengen/projects/alpha-allostery-global/git-phylo-dms/00.inputs/02.src_topiary/seed_to_ali/final_dataframe.csv --out_dir /lustre/scratch126/gengen/projects/alpha-allostery-global/git-phylo-dms/00.inputs/02.src_topiary/ali_to_anc_basement --num_threads 10> was submitted from host <farm22-head1> by user <xl7> in cluster <farm22> at Tue Sep  3 15:58:33 2024
Job was executed on host(s) <10*node-12-2-3>, in queue <basement>, as user <xl7> in cluster <farm22> at Tue Sep  3 16:52:47 2024
</nfs/users/nfs_x/xl7> was used as the home directory.
</lustre/scratch126/gengen/projects/alpha-allostery-global/git-phylo-dms/00.inputs/02.src_topiary> was used as the working directory.
Started at Tue Sep  3 16:52:47 2024
Terminated at Tue Sep  3 16:53:05 2024
Results reported at Tue Sep  3 16:53:05 2024

Your job looked like:

------------------------------------------------------------
# LSBATCH: User input
#!/bin/bash
#BSUB -G team354
#BSUB -n 10  # Requesting 28 threads (cores)
#BSUB -M 300000  # Memory requirement (adjust as needed)
#BSUB -R "select[mem>300000] rusage[mem=300000]" 
#BSUB -o /lustre/scratch126/gengen/projects/alpha-allostery-global/git-phylo-dms/00.inputs/02.src_topiary/ali2anc_src_basement_090324_%J.out
#BSUB -e /lustre/scratch126/gengen/projects/alpha-allostery-global/git-phylo-dms/00.inputs/02.src_topiary/ali2anc_src_basement_090324_%J.err
#BSUB -q basement


conda activate  /software/hgi/envs/conda/team354/xl7/topiary

cd /lustre/scratch126/gengen/projects/alpha-allostery-global/git-phylo-dms/00.inputs/02.src_topiary

topiary-alignment-to-ancestors /lustre/scratch126/gengen/projects/alpha-allostery-global/git-phylo-dms/00.inputs/02.src_topiary/seed_to_ali/final_dataframe.csv --out_dir /lustre/scratch126/gengen/projects/alpha-allostery-global/git-phylo-dms/00.inputs/02.src_topiary/ali_to_anc_basement --num_threads 10

------------------------------------------------------------

Exited with exit code 1.

Resource usage summary:

    CPU time :                                   4.53 sec.
    Max Memory :                                 138 MB
    Average Memory :                             110.00 MB
    Total Requested Memory :                     300000.00 MB
    Delta Memory :                               299862.00 MB
    Max Swap :                                   -
    Max Processes :                              4
    Max Threads :                                14
    Run time :                                   16 sec.
    Turnaround time :                            3272 sec.

The output (if any) is above this job summary.



PS:

Read file </lustre/scratch126/gengen/projects/alpha-allostery-global/git-phylo-dms/00.inputs/02.src_topiary/ali2anc_src_basement_090324_938133.err> for stderr output of this job.

